copyTutorial/SQLite_Android-Complete_Tutorial-master/app/build/intermediates/manifest_merge_blame_file/debug/manifest-merger-blame-debug-report.txt
1<?xml version="1.0" encoding="utf-8"?>
2<manifest xmlns:android="http://schemas.android.com/apk/res/android"
3    package="com.jovanovic.stefan.sqlitetutorial"
4    android:versionCode="1"
5    android:versionName="1.0" >
6
7    <uses-sdk
8        android:minSdkVersion="16"
8-->src/main/AndroidManifest.xml
9        android:targetSdkVersion="28" />
9-->src/main/AndroidManifest.xml
10
11    <application
11-->src/main/AndroidManifest.xml:6:5-29:19
12        android:allowBackup="true"
12-->src/main/AndroidManifest.xml:7:9-35
13        android:appComponentFactory="androidx.core.app.CoreComponentFactory"
13-->[androidx.core:core:1.1.0] AndroidManifest.xml:24:18-86
14        android:debuggable="true"
15        android:icon="@mipmap/endurance1"
15-->src/main/AndroidManifest.xml:8:9-42
16        android:label="@string/app_name"
16-->src/main/AndroidManifest.xml:9:9-41
17        android:roundIcon="@mipmap/ic_launcher_round"
17-->src/main/AndroidManifest.xml:10:9-54
18        android:supportsRtl="true"
18-->src/main/AndroidManifest.xml:11:9-35
19        android:testOnly="true"
20        android:theme="@style/AppTheme" >
20-->src/main/AndroidManifest.xml:12:9-40
21        <activity
21-->src/main/AndroidManifest.xml:13:9-14:57
22            android:name="com.jovanovic.stefan.sqlitetutorial.UpdateActivity"
22-->src/main/AndroidManifest.xml:13:19-49
23            android:parentActivityName="com.jovanovic.stefan.sqlitetutorial.MainActivity" />
23-->src/main/AndroidManifest.xml:14:13-55
24        <activity
24-->src/main/AndroidManifest.xml:15:9-18:58
25            android:name="com.jovanovic.stefan.sqlitetutorial.AddActivity"
25-->src/main/AndroidManifest.xml:16:13-40
26            android:label="Add Task"
26-->src/main/AndroidManifest.xml:17:13-37
27            android:parentActivityName="com.jovanovic.stefan.sqlitetutorial.MainActivity" />
27-->src/main/AndroidManifest.xml:18:13-55
28        <activity
28-->src/main/AndroidManifest.xml:19:9-28:20
29            android:name="com.jovanovic.stefan.sqlitetutorial.MainActivity"
29-->src/main/AndroidManifest.xml:20:13-41
30            android:label="Skipp Desk" >
30-->src/main/AndroidManifest.xml:21:13-39
31            <intent-filter>
31-->src/main/AndroidManifest.xml:22:13-27:29
32                <action android:name="android.intent.action.MAIN" />
32-->src/main/AndroidManifest.xml:23:17-69
32-->src/main/AndroidManifest.xml:23:25-66
33                <action android:name="android.intent.action.VIEW" />
33-->src/main/AndroidManifest.xml:24:17-69
33-->src/main/AndroidManifest.xml:24:25-66
34
35                <category android:name="android.intent.category.LAUNCHER" />
35-->src/main/AndroidManifest.xml:26:17-77
35-->src/main/AndroidManifest.xml:26:27-74
36            </intent-filter>
37        </activity>
38    </application>
39
40</manifest>